This file contains any messages produced by compilers while
running configure, to aid debugging if configure makes a mistake.

It was created by cmotesdk configure 1.0, which was
generated by GNU Autoconf 2.69.  Invocation command line was

  $ ./configure 

## --------- ##
## Platform. ##
## --------- ##

hostname = ezio-VirtualBox
uname -m = x86_64
uname -r = 4.4.0-28-generic
uname -s = Linux
uname -v = #47-Ubuntu SMP Fri Jun 24 10:09:13 UTC 2016

/usr/bin/uname -p = unknown
/bin/uname -X     = unknown

/bin/arch              = unknown
/usr/bin/arch -k       = unknown
/usr/convex/getsysinfo = unknown
/usr/bin/hostinfo      = unknown
/bin/machine           = unknown
/usr/bin/oslevel       = unknown
/bin/universe          = unknown

PATH: /opt/msp430/bin
PATH: /usr/local/sbin
PATH: /usr/local/bin
PATH: /usr/sbin
PATH: /usr/bin
PATH: /sbin
PATH: /bin
PATH: /usr/games
PATH: /usr/local/games
PATH: /snap/bin


## ----------- ##
## Core tests. ##
## ----------- ##

configure:1845: checking for a BSD-compatible install
configure:1913: result: /usr/bin/install -c
configure:1924: checking whether build environment is sane
configure:1979: result: yes
configure:2130: checking for a thread-safe mkdir -p
configure:2169: result: /bin/mkdir -p
configure:2176: checking for gawk
configure:2206: result: no
configure:2176: checking for mawk
configure:2192: found /usr/bin/mawk
configure:2203: result: mawk
configure:2214: checking whether make sets $(MAKE)
configure:2236: result: yes
configure:2265: checking whether make supports nested variables
configure:2282: result: yes
configure:2457: checking for gcc
configure:2473: found /usr/bin/gcc
configure:2484: result: gcc
configure:2713: checking for C compiler version
configure:2722: gcc --version >&5
gcc (GCC) 4.6.3 20120301 (mspgcc LTS 20120406 unpatched)
Copyright (C) 2011 Free Software Foundation, Inc.
This is free software; see the source for copying conditions.  There is NO
warranty; not even for MERCHANTABILITY or FITNESS FOR A PARTICULAR PURPOSE.

configure:2733: $? = 0
configure:2722: gcc -v >&5
Using built-in specs.
Reading specs from /usr/bin/../lib/gcc/msp430/4.6.3/../../../../msp430/lib/msp430mcu.spec
COLLECT_GCC=gcc
COLLECT_LTO_WRAPPER=/usr/bin/../libexec/gcc/msp430/4.6.3/lto-wrapper
Target: msp430
Configured with: ../configure --prefix=/home/cire/mm/tinyos-main/tinyos-2.x/packaging/msp430-46/debian/usr --target=msp430 --enable-languages=c
Thread model: single
gcc version 4.6.3 20120301 (mspgcc LTS 20120406 unpatched) (GCC) 
configure:2733: $? = 0
configure:2722: gcc -V >&5
gcc: fatal error: no input files
compilation terminated.
configure:2733: $? = 1
configure:2722: gcc -qversion >&5
gcc: fatal error: no input files
compilation terminated.
configure:2733: $? = 1
configure:2753: checking whether the C compiler works
configure:2775: gcc    conftest.c  >&5
/usr/bin/../lib/gcc/msp430/4.6.3/../../../../msp430/bin/ld: cannot open linker script file memory.x: No such file or directory
collect2: ld returned 1 exit status
configure:2779: $? = 1
configure:2817: result: no
configure: failed program was:
| /* confdefs.h */
| #define PACKAGE_NAME "cmotesdk"
| #define PACKAGE_TARNAME "cmotesdk"
| #define PACKAGE_VERSION "1.0"
| #define PACKAGE_STRING "cmotesdk 1.0"
| #define PACKAGE_BUGREPORT ""
| #define PACKAGE_URL ""
| #define PACKAGE "cmotesdk"
| #define VERSION "1.0"
| /* end confdefs.h.  */
| 
| int
| main ()
| {
| 
|   ;
|   return 0;
| }
configure:2822: error: in `/media/sf_tinyos-main-read-only/support/sdk/c/sf':
configure:2824: error: C compiler cannot create executables
See `config.log' for more details

## ---------------- ##
## Cache variables. ##
## ---------------- ##

ac_cv_env_CC_set=
ac_cv_env_CC_value=
ac_cv_env_CFLAGS_set=
ac_cv_env_CFLAGS_value=
ac_cv_env_CPPFLAGS_set=
ac_cv_env_CPPFLAGS_value=
ac_cv_env_LDFLAGS_set=
ac_cv_env_LDFLAGS_value=
ac_cv_env_LIBS_set=
ac_cv_env_LIBS_value=
ac_cv_env_build_alias_set=
ac_cv_env_build_alias_value=
ac_cv_env_host_alias_set=
ac_cv_env_host_alias_value=
ac_cv_env_target_alias_set=
ac_cv_env_target_alias_value=
ac_cv_path_install='/usr/bin/install -c'
ac_cv_path_mkdir=/bin/mkdir
ac_cv_prog_AWK=mawk
ac_cv_prog_ac_ct_CC=gcc
ac_cv_prog_make_make_set=yes
am_cv_make_support_nested_variables=yes

## ----------------- ##
## Output variables. ##
## ----------------- ##

ACLOCAL='${SHELL} /media/sf_tinyos-main-read-only/support/sdk/c/sf/config-aux/missing aclocal-1.15'
AMDEPBACKSLASH=''
AMDEP_FALSE=''
AMDEP_TRUE=''
AMTAR='$${TAR-tar}'
AM_BACKSLASH='\'
AM_DEFAULT_V='$(AM_DEFAULT_VERBOSITY)'
AM_DEFAULT_VERBOSITY='1'
AM_V='$(V)'
AUTOCONF='${SHELL} /media/sf_tinyos-main-read-only/support/sdk/c/sf/config-aux/missing autoconf'
AUTOHEADER='${SHELL} /media/sf_tinyos-main-read-only/support/sdk/c/sf/config-aux/missing autoheader'
AUTOMAKE='${SHELL} /media/sf_tinyos-main-read-only/support/sdk/c/sf/config-aux/missing automake-1.15'
AWK='mawk'
CC='gcc'
CCDEPMODE=''
CFLAGS=''
CPPFLAGS=''
CYGPATH_W='echo'
DEFS=''
DEPDIR=''
ECHO_C=''
ECHO_N='-n'
ECHO_T=''
EXEEXT=''
INSTALL_DATA='${INSTALL} -m 644'
INSTALL_PROGRAM='${INSTALL}'
INSTALL_SCRIPT='${INSTALL}'
INSTALL_STRIP_PROGRAM='$(install_sh) -c -s'
LDFLAGS=''
LIBOBJS=''
LIBS=''
LTLIBOBJS=''
MAKEINFO='${SHELL} /media/sf_tinyos-main-read-only/support/sdk/c/sf/config-aux/missing makeinfo'
MKDIR_P='/bin/mkdir -p'
OBJEXT=''
PACKAGE='cmotesdk'
PACKAGE_BUGREPORT=''
PACKAGE_NAME='cmotesdk'
PACKAGE_STRING='cmotesdk 1.0'
PACKAGE_TARNAME='cmotesdk'
PACKAGE_URL=''
PACKAGE_VERSION='1.0'
PATH_SEPARATOR=':'
RANLIB=''
SET_MAKE=''
SHELL='/bin/bash'
STRIP=''
VERSION='1.0'
ac_ct_CC='gcc'
am__EXEEXT_FALSE=''
am__EXEEXT_TRUE=''
am__fastdepCC_FALSE=''
am__fastdepCC_TRUE=''
am__include=''
am__isrc=''
am__leading_dot='.'
am__nodep=''
am__quote=''
am__tar='$${TAR-tar} chof - "$$tardir"'
am__untar='$${TAR-tar} xf -'
bindir='${exec_prefix}/bin'
build_alias=''
datadir='${datarootdir}'
datarootdir='${prefix}/share'
docdir='${datarootdir}/doc/${PACKAGE_TARNAME}'
dvidir='${docdir}'
exec_prefix='NONE'
host_alias=''
htmldir='${docdir}'
includedir='${prefix}/include'
infodir='${datarootdir}/info'
install_sh='${SHELL} /media/sf_tinyos-main-read-only/support/sdk/c/sf/config-aux/install-sh'
libdir='${exec_prefix}/lib'
libexecdir='${exec_prefix}/libexec'
localedir='${datarootdir}/locale'
localstatedir='${prefix}/var'
mandir='${datarootdir}/man'
mkdir_p='$(MKDIR_P)'
oldincludedir='/usr/include'
pdfdir='${docdir}'
prefix='NONE'
program_transform_name='s,x,x,'
psdir='${docdir}'
runstatedir='${localstatedir}/run'
sbindir='${exec_prefix}/sbin'
sharedstatedir='${prefix}/com'
sysconfdir='${prefix}/etc'
target_alias=''

## ----------- ##
## confdefs.h. ##
## ----------- ##

/* confdefs.h */
#define PACKAGE_NAME "cmotesdk"
#define PACKAGE_TARNAME "cmotesdk"
#define PACKAGE_VERSION "1.0"
#define PACKAGE_STRING "cmotesdk 1.0"
#define PACKAGE_BUGREPORT ""
#define PACKAGE_URL ""
#define PACKAGE "cmotesdk"
#define VERSION "1.0"

configure: exit 77
